<?xml version="1.0" encoding="UTF-8"?>
<!-- Generated by org.testng.reporters.JUnitXMLReporter -->
<testsuite ignored="0" hostname="H16" failures="0" tests="1" name="Test(failed)" time="0.048" errors="0" timestamp="2023-04-16T00:10:47 TRT">
  <testcase classname="testBase.BaseClass" name="@BeforeClass setup" time="-1.68159304714E9">
    <failure type="org.testng.TestNGException" message="
Parameter &amp;apos;browser&amp;apos; is required by BeforeClass on method setup but has not been marked @Optional or defined
in C:\Users\etari\Desktop\QA_TESTER\April\test-output\testng-failed.xml">
      <![CDATA[org.testng.TestNGException: 
Parameter 'browser' is required by BeforeClass on method setup but has not been marked @Optional or defined
in C:\Users\etari\Desktop\QA_TESTER\April\test-output\testng-failed.xml
at java.base/java.util.ArrayList.forEach(ArrayList.java:1511)
... Removed 22 stack frames]]>
    </failure>
  </testcase> <!-- @BeforeClass setup -->
  <testcase classname="testBase.BaseClass" name="@AfterClass teadDown" time="-1.681593047169E9">
    <skipped/>
  </testcase> <!-- @AfterClass teadDown -->
  <testcase classname="testCases.TC_001_AccountRegistrationTest" name="test_account_Registration" time="0.0">
    <skipped/>
  </testcase> <!-- test_account_Registration -->
</testsuite> <!-- Test(failed) -->
